c:\users\laure\downloads\borderless-imgui-window-main\release\vc143.pdb
c:\users\laure\downloads\borderless-imgui-window-main\release\imgui_widgets.obj
c:\users\laure\downloads\borderless-imgui-window-main\release\imgui_tables.obj
c:\users\laure\downloads\borderless-imgui-window-main\release\imgui_impl_win32.obj
c:\users\laure\downloads\borderless-imgui-window-main\release\imgui_impl_dx9.obj
c:\users\laure\downloads\borderless-imgui-window-main\release\imgui_draw.obj
c:\users\laure\downloads\borderless-imgui-window-main\release\imgui_demo.obj
c:\users\laure\downloads\borderless-imgui-window-main\release\imgui.obj
c:\users\laure\downloads\borderless-imgui-window-main\release\main.obj
c:\users\laure\downloads\borderless-imgui-window-main\release\gui.obj
c:\users\laure\downloads\borderless-imgui-window-main\release\cheat-menu.ipdb
c:\users\laure\downloads\borderless-imgui-window-main\release\cheat-menu.iobj
c:\users\laure\downloads\borderless-imgui-window-main\release\cheat-menu.exe
c:\users\laure\downloads\borderless-imgui-window-main\release\cheat-menu.pdb
c:\users\laure\downloads\borderless-imgui-window-main\release\cheat-menu.tlog\cl.command.1.tlog
c:\users\laure\downloads\borderless-imgui-window-main\release\cheat-menu.tlog\cl.items.tlog
c:\users\laure\downloads\borderless-imgui-window-main\release\cheat-menu.tlog\cl.read.1.tlog
c:\users\laure\downloads\borderless-imgui-window-main\release\cheat-menu.tlog\cl.write.1.tlog
c:\users\laure\downloads\borderless-imgui-window-main\release\cheat-menu.tlog\link.command.1.tlog
c:\users\laure\downloads\borderless-imgui-window-main\release\cheat-menu.tlog\link.read.1.tlog
c:\users\laure\downloads\borderless-imgui-window-main\release\cheat-menu.tlog\link.write.1.tlog
c:\users\laure\downloads\borderless-imgui-window-main\release\cheat-menu.tlog\link.write.2u.tlog
